# Server version 0.08 running on flapjack.localdomain:8123
# Game ID: 15
# Board class: pentago_twist.PentagoBoard
# Timeout: 20000
# First Move Timeout: 30000
# Date: Mon Mar 29 00:36:18 EDT 2021
# Player 1: Player-0, 'RandomPlayer', running on localhost
# Player 2: Player-1, '260767897', running on localhost
START Player-0 RandomPlayer
START Player-1 260767897
1 0 2 0 0
0 5 0 0 1
0 3 1 0 0
4 4 0 0 1
4 0 0 1 0
2 2 0 1 1
1 3 2 1 0
0 0 2 1 1
5 4 1 1 0
0 1 0 0 1
4 3 0 0 0
3 2 2 0 1
4 2 2 1 0
0 0 0 0 1
3 5 0 0 0
0 4 3 0 1
5 4 0 0 0
0 1 0 0 1
3 5 3 0 0
0 1 0 0 1
3 0 0 0 0
4 2 2 1 1
3 3 3 0 0
GAMEOVER WINNER 0
# Game ended: Mon Mar 29 00:36:19 EDT 2021
