# Server version 0.08 running on flapjack.localdomain:8123
# Game ID: 24
# Board class: pentago_twist.PentagoBoard
# Timeout: 20000
# First Move Timeout: 30000
# Date: Mon Mar 29 00:48:20 EDT 2021
# Player 1: Player-0, '260767897', running on localhost
# Player 2: Player-1, 'RandomPlayer', running on localhost
START Player-0 260767897
START Player-1 RandomPlayer
0 5 2 1 0
4 4 2 0 1
0 0 0 0 0
1 1 1 0 1
0 0 0 0 0
1 3 1 1 1
5 4 1 0 0
1 2 2 1 1
3 4 1 0 0
4 2 1 1 1
1 0 3 0 0
5 4 0 0 1
5 1 0 1 0
0 5 2 1 1
2 3 1 1 0
3 5 0 0 1
0 1 0 0 0
2 0 0 0 1
0 4 3 1 0
3 2 3 0 1
3 0 3 1 0
5 2 3 0 1
1 5 2 1 0
3 1 3 0 1
2 4 1 0 0
GAMEOVER WINNER 0
# Game ended: Mon Mar 29 00:48:33 EDT 2021
